<?xml version="1.0" encoding="UTF-8"?>
<testng-results ignored="0" total="1" passed="0" failed="1" skipped="0">
  <reporter-output>
  </reporter-output>
  <suite started-at="2024-10-17T02:42:15 IST" name="Default suite" finished-at="2024-10-17T02:42:50 IST" duration-ms="34766">
    <groups>
    </groups>
    <test started-at="2024-10-17T02:42:15 IST" name="Default test" finished-at="2024-10-17T02:42:50 IST" duration-ms="34766">
      <class name="com.tests.amazon.ValidateAmazon">
        <test-method is-config="true" signature="initDriver()[pri:0, instance:com.tests.amazon.ValidateAmazon@2034b64c]" started-at="2024-10-17T02:42:15 IST" name="initDriver" finished-at="2024-10-17T02:42:17 IST" duration-ms="1707" status="PASS">
          <reporter-output>
          </reporter-output>
        </test-method> <!-- initDriver -->
        <test-method signature="amazonEndtoEnd()[pri:0, instance:com.tests.amazon.ValidateAmazon@2034b64c]" started-at="2024-10-17T02:42:17 IST" name="amazonEndtoEnd" finished-at="2024-10-17T02:42:50 IST" duration-ms="32769" status="FAIL">
          <exception class="java.lang.AssertionError">
            <message>
              <![CDATA[expected [6239] but found [6239.04]]]>
            </message>
            <full-stacktrace>
              <![CDATA[java.lang.AssertionError: expected [6239] but found [6239.04]
at org.testng.Assert.fail(Assert.java:111)
at org.testng.Assert.failNotEquals(Assert.java:1578)
at org.testng.Assert.assertEqualsImpl(Assert.java:150)
at org.testng.Assert.assertEquals(Assert.java:132)
at org.testng.Assert.assertEquals(Assert.java:656)
at org.testng.Assert.assertEquals(Assert.java:666)
at com.tests.amazon.ValidateAmazon.amazonEndtoEnd(ValidateAmazon.java:59)
at java.base/jdk.internal.reflect.NativeMethodAccessorImpl.invoke0(Native Method)
at java.base/jdk.internal.reflect.NativeMethodAccessorImpl.invoke(NativeMethodAccessorImpl.java:77)
at java.base/jdk.internal.reflect.DelegatingMethodAccessorImpl.invoke(DelegatingMethodAccessorImpl.java:43)
at java.base/java.lang.reflect.Method.invoke(Method.java:568)
at org.testng.internal.invokers.MethodInvocationHelper.invokeMethod(MethodInvocationHelper.java:141)
at org.testng.internal.invokers.TestInvoker.invokeMethod(TestInvoker.java:686)
at org.testng.internal.invokers.TestInvoker.invokeTestMethod(TestInvoker.java:230)
at org.testng.internal.invokers.MethodRunner.runInSequence(MethodRunner.java:63)
at org.testng.internal.invokers.TestInvoker$MethodInvocationAgent.invoke(TestInvoker.java:992)
at org.testng.internal.invokers.TestInvoker.invokeTestMethods(TestInvoker.java:203)
at org.testng.internal.invokers.TestMethodWorker.invokeTestMethods(TestMethodWorker.java:154)
at org.testng.internal.invokers.TestMethodWorker.run(TestMethodWorker.java:134)
at java.base/java.util.ArrayList.forEach(ArrayList.java:1511)
at org.testng.TestRunner.privateRun(TestRunner.java:739)
at org.testng.TestRunner.run(TestRunner.java:614)
at org.testng.SuiteRunner.runTest(SuiteRunner.java:421)
at org.testng.SuiteRunner.runSequentially(SuiteRunner.java:413)
at org.testng.SuiteRunner.privateRun(SuiteRunner.java:373)
at org.testng.SuiteRunner.run(SuiteRunner.java:312)
at org.testng.SuiteRunnerWorker.runSuite(SuiteRunnerWorker.java:52)
at org.testng.SuiteRunnerWorker.run(SuiteRunnerWorker.java:95)
at org.testng.TestNG.runSuitesSequentially(TestNG.java:1274)
at org.testng.TestNG.runSuitesLocally(TestNG.java:1208)
at org.testng.TestNG.runSuites(TestNG.java:1112)
at org.testng.TestNG.run(TestNG.java:1079)
at org.testng.remote.AbstractRemoteTestNG.run(AbstractRemoteTestNG.java:115)
at org.testng.remote.RemoteTestNG.initAndRun(RemoteTestNG.java:293)
at org.testng.remote.RemoteTestNG.main(RemoteTestNG.java:91)
]]>
            </full-stacktrace>
          </exception> <!-- java.lang.AssertionError -->
          <reporter-output>
          </reporter-output>
        </test-method> <!-- amazonEndtoEnd -->
        <test-method is-config="true" signature="tearDown()[pri:0, instance:com.tests.amazon.ValidateAmazon@2034b64c]" started-at="2024-10-17T02:42:50 IST" name="tearDown" finished-at="2024-10-17T02:42:50 IST" duration-ms="245" status="PASS">
          <reporter-output>
          </reporter-output>
        </test-method> <!-- tearDown -->
      </class> <!-- com.tests.amazon.ValidateAmazon -->
    </test> <!-- Default test -->
  </suite> <!-- Default suite -->
</testng-results>
